Determining if files sys/types.h;sys/prctl.h exist failed with the following output:
Change Dir: /Users/dillonl/Projects/gwiz/xcodebin/CMakeFiles/CMakeTmp

Run Build Command:"/Applications/CMake.app/Contents/bin/cmakexbuild" "-project" "CMAKE_TRY_COMPILE.xcodeproj" "build" "-target" "cmTryCompileExec3237906137" "-configuration" "Debug"
2015-05-06 10:36:57.962 xcodebuild[93873:1500936]  DVTAssertions: Warning in /SourceCache/DVTiOSFrameworks/DVTiOSFrameworks-7536/DTDeviceKitBase/DTDKRemoteDeviceDataListener.m:79
Details:  Running against an old version of MobileDevice; some interaction with proxied devices may be unavailable.
Object:   <DTDKRemoteDeviceDataListener: 0x7fbdadb4fa00>
Method:   -listenerThreadImplementation
Thread:   <NSThread: 0x7fbdadb3cd30>{number = 2, name = (null)}
Please file a bug at http://bugreport.apple.com with this warning message and any useful information you can provide.
2015-05-06 10:36:57.971 xcodebuild[93873:1500928] warning:  The file reference for "CMakeLists.txt" is a member of multiple groups ("ALL_BUILD" and "cmTryCompileExec3237906137"); this indicates a malformed project.  Only the membership in one of the groups will be preserved (but membership in targets will be unaffected).  If you want a reference to the same file in more than one group, please add another reference to the same path.
=== BUILD TARGET cmTryCompileExec3237906137 OF PROJECT CMAKE_TRY_COMPILE WITH CONFIGURATION Debug ===

Check dependencies

Write auxiliary files
/bin/mkdir -p /Users/dillonl/Projects/gwiz/xcodebin/CMakeFiles/CMakeTmp/CMAKE_TRY_COMPILE.build/Debug/cmTryCompileExec3237906137.build/Objects-normal/x86_64
write-file /Users/dillonl/Projects/gwiz/xcodebin/CMakeFiles/CMakeTmp/CMAKE_TRY_COMPILE.build/Debug/cmTryCompileExec3237906137.build/Objects-normal/x86_64/cmTryCompileExec3237906137.LinkFileList

CompileC CMAKE_TRY_COMPILE.build/Debug/cmTryCompileExec3237906137.build/Objects-normal/x86_64/CheckIncludeFiles.o CheckIncludeFiles.c normal x86_64 c com.apple.compilers.llvm.clang.1_0.compiler
    cd /Users/dillonl/Projects/gwiz/xcodebin/CMakeFiles/CMakeTmp
    export LANG=en_US.US-ASCII
    /Applications/Xcode.app/Contents/Developer/Toolchains/XcodeDefault.xctoolchain/usr/bin/clang -x c -arch x86_64 -fmessage-length=0 -fdiagnostics-show-note-include-stack -fmacro-backtrace-limit=0 -Wno-trigraphs -fpascal-strings -O0 -Wn** BUILD FAILED **


The following build commands failed:
	CompileC CMAKE_TRY_COMPILE.build/Debug/cmTryCompileExec3237906137.build/Objects-normal/x86_64/CheckIncludeFiles.o CheckIncludeFiles.c normal x86_64 c com.apple.compilers.llvm.clang.1_0.compiler
(1 failure)
o-missing-field-initializers -Wno-missing-prototypes -Wno-return-type -Wno-missing-braces -Wparentheses -Wswitch -Wno-unused-function -Wno-unused-label -Wno-unused-parameter -Wno-unused-variable -Wunused-value -Wno-empty-body -Wno-uninitialized -Wno-unknown-pragmas -Wno-shadow -Wno-four-char-constants -Wno-conversion -Wno-constant-conversion -Wno-int-conversion -Wno-bool-conversion -Wno-enum-conversion -Wno-shorten-64-to-32 -Wpointer-sign -Wno-newline-eof -DCMAKE_INTDIR=\"Debug\" -isysroot /Applications/Xcode.app/Contents/Developer/Platforms/MacOSX.platform/Developer/SDKs/MacOSX10.10.sdk -fasm-blocks -fstrict-aliasing -Wdeprecated-declarations -mmacosx-version-min=10.10 -g -Wno-sign-conversion -I/Users/dillonl/Projects/gwiz/xcodebin/CMakeFiles/CMakeTmp/Debug/include -I/Applications/Xcode.app/Contents/Developer/Toolchains/XcodeDefault.xctoolchain/usr/include -I/Users/dillonl/Projects/gwiz/xcodebin/CMakeFiles/CMakeTmp/CMAKE_TRY_COMPILE.build/Debug/cmTryCompileExec3237906137.build/DerivedSources/x86_64 -I/Users/dillonl/Projects/gwiz/xcodebin/CMakeFiles/CMakeTmp/CMAKE_TRY_COMPILE.build/Debug/cmTryCompileExec3237906137.build/DerivedSources -Wmost -Wno-four-char-constants -Wno-unknown-pragmas -F/Users/dillonl/Projects/gwiz/xcodebin/CMakeFiles/CMakeTmp/Debug -MMD -MT dependencies -MF /Users/dillonl/Projects/gwiz/xcodebin/CMakeFiles/CMakeTmp/CMAKE_TRY_COMPILE.build/Debug/cmTryCompileExec3237906137.build/Objects-normal/x86_64/CheckIncludeFiles.d --serialize-diagnostics /Users/dillonl/Projects/gwiz/xcodebin/CMakeFiles/CMakeTmp/CMAKE_TRY_COMPILE.build/Debug/cmTryCompileExec3237906137.build/Objects-normal/x86_64/CheckIncludeFiles.dia -c /Users/dillonl/Projects/gwiz/xcodebin/CMakeFiles/CMakeTmp/CheckIncludeFiles.c -o /Users/dillonl/Projects/gwiz/xcodebin/CMakeFiles/CMakeTmp/CMAKE_TRY_COMPILE.build/Debug/cmTryCompileExec3237906137.build/Objects-normal/x86_64/CheckIncludeFiles.o
/Users/dillonl/Projects/gwiz/xcodebin/CMakeFiles/CMakeTmp/CheckIncludeFiles.c:3:10: fatal error: 'sys/prctl.h' file not found
#include <sys/prctl.h>
         ^
1 error generated.


Source:
/* */
#include <sys/types.h>
#include <sys/prctl.h>


int main(){return 0;}

Determining if the system is big endian passed with the following output:
Change Dir: /Users/dillonl/Projects/gwiz/xcodebin/CMakeFiles/CMakeTmp

Run Build Command:"/Applications/CMake.app/Contents/bin/cmakexbuild" "-project" "CMAKE_TRY_COMPILE.xcodeproj" "build" "-target" "cmTryCompileExec3870191237" "-configuration" "Debug"
2015-05-06 10:36:58.898 xcodebuild[93900:1501006]  DVTAssertions: Warning in /SourceCache/DVTiOSFrameworks/DVTiOSFrameworks-7536/DTDeviceKitBase/DTDKRemoteDeviceDataListener.m:79
Details:  Running against an old version of MobileDevice; some interaction with proxied devices may be unavailable.
Object:   <DTDKRemoteDeviceDataListener: 0x7fb183602240>
Method:   -listenerThreadImplementation
Thread:   <NSThread: 0x7fb183714060>{number = 2, name = (null)}
Please file a bug at http://bugreport.apple.com with this warning message and any useful information you can provide.
2015-05-06 10:36:58.908 xcodebuild[93900:1501000] warning:  The file reference for "CMakeLists.txt" is a member of multiple groups ("ALL_BUILD" and "cmTryCompileExec3870191237"); this indicates a malformed project.  Only the membership in one of the groups will be preserved (but membership in targets will be unaffected).  If you want a reference to the same file in more than one group, please add another reference to the same path.
=== BUILD TARGET cmTryCompileExec3870191237 OF PROJECT CMAKE_TRY_COMPILE WITH CONFIGURATION Debug ===

Check dependencies

Write auxiliary files
/bin/mkdir -p /Users/dillonl/Projects/gwiz/xcodebin/CMakeFiles/CMakeTmp/CMAKE_TRY_COMPILE.build/Debug/cmTryCompileExec3870191237.build/Objects-normal/x86_64
write-file /Users/dillonl/Projects/gwiz/xcodebin/CMakeFiles/CMakeTmp/CMAKE_TRY_COMPILE.build/Debug/cmTryCompileExec3870191237.build/Objects-normal/x86_64/cmTryCompileExec3870191237.LinkFileList

CompileC CMAKE_TRY_COMPILE.build/Debug/cmTryCompileExec3870191237.build/Objects-normal/x86_64/TestEndianess.o TestEndianess.c normal x86_64 c com.apple.compilers.llvm.clang.1_0.compiler
    cd /Users/dillonl/Projects/gwiz/xcodebin/CMakeFiles/CMakeTmp
    export LANG=en_US.US-ASCII
    /Applications/Xcode.app/Contents/Developer/Toolchains/XcodeDefault.xctoolchain/usr/bin/clang -x c -arch x86_64 -fmessage-length=0 -fdiagnostics-show-note-include-stack -fmacro-backtrace-limit=0 -Wno-trigraphs -fpascal-strings -O0 -Wno-missing-field-initializers -Wno-missing-prototypes -Wno-return-type -Wno-missing-braces -Wparentheses -Wswitch -Wno-unused-function -Wno-unused-label -Wno-unused-parameter -Wno-unused-variable -Wunused-value -Wno-empty-body -Wno-uninitialized -Wno-unknown-pragmas -Wno-shadow -Wno-four-char-constants -Wno-conversion -Wno-constant-conversion -Wno-int-conversion -Wno-bool-conversion -Wno-enum-conversion -Wno-shorten-64-to-32 -Wpointer-sign -Wno-newline-eof -DCMAKE_INTDIR=\"Debug\" -isysroot /Applications/Xcode.app/Contents/Developer/Platforms/MacOSX.platform/Developer/SDKs/MacOSX10.10.sdk -fasm-blocks -fstrict-aliasing -Wdeprecated-declarations -mmacosx-version-min=10.10 -g -Wno-sign-conversion -I/Users/dillonl/Projects/gwiz/xcodebin/CMakeFiles/CMakeTmp/Debug/include -I/Applications/Xcode.app/Contents/Developer/Toolchains/XcodeDefault.xctoolchain/usr/include -I/Users/dillonl/Projects/gwiz/xcodebin/CMakeFiles/CMakeTmp/CMAKE_TRY_COMPILE.build/Debug/cmTryCompileExec3870191237.build/DerivedSources/x86_64 -I/Users/dillonl/Projects/gwiz/xcodebin/CMakeFiles/CMakeTmp/CMAKE_TRY_COMPILE.build/Debug/cmTryCompileExec3870191237.build/DerivedSources -Wmost -Wno-four-char-constants -Wno-unknown-pragmas -F/Users/dillonl/Projects/gwiz/xcodebin/CMakeFiles/CMakeTmp/Debug -MMD -MT dependencies -MF /Users/dillonl/Projects/gwiz/xcodebin/CMakeFiles/CMakeTmp/CMAKE_TRY_COMPILE.build/Debug/cmTryCompileExec3870191237.build/Objects-normal/x86_64/TestEndianess.d --serialize-diagnostics /Users/dillonl/Projects/gwiz/xcodebin/CMakeFiles/CMakeTmp/CMAKE_TRY_COMPILE.build/Debug/cmTryCompileExec3870191237.build/Objects-normal/x86_64/TestEndianess.dia -c /Users/dillonl/Projects/gwiz/xcodebin/CMakeFiles/CMakeTmp/TestEndianess.c -o /Users/dillonl/Projects/gwiz/xcodebin/CMakeFiles/CMakeTmp/CMAKE_TRY_COMPILE.build/Debug/cmTryCompileExec3870191237.build/Objects-normal/x86_64/TestEndianess.o

Ld Debug/cmTryCompileExec3870191237 normal x86_64
    cd /Users/dillonl/Projects/gwiz/xcodebin/CMakeFiles/CMakeTmp
    export MACOSX_DEPLOYMENT_TARGET=10.10
    /Applications/Xcode.app/Contents/Developer/Toolchains/XcodeDefault.xctoolchain/usr/bin/clang -arch x86_64 -isysroot /Applications/Xcode.app/Contents/Developer/Platforms/MacOSX.platform/Developer/SDKs/MacOSX10.10.sdk -L/Users/dillonl/Projects/gwiz/xcodebin/CMakeFiles/CMakeTmp/Debug -F/Users/dillonl/Projects/gwiz/xcodebin/CMakeFiles/CMakeTmp/Debug -filelist /Users/dillonl/Projects/gwiz/xcodebin/CMakeFiles/CMakeTmp/CMAKE_TRY_COMPILE.build/Debug/cmTryCompileExec3870191237.build/Objects-normal/x86_64/cmTryCompileExec3870191237.LinkFileList -mmacosx-version-min=10.10 -Wl,-search_paths_first -Wl,-headerpad_max_install_names -Xlinker -dependency_info -Xlinker /Users/dillonl/Projects/gwiz/xcodebin/CMakeFiles/CMakeTmp/CMAKE_TRY_COMPILE.build/Debug/cmTryCompileExec3870191237.build/Objects-normal/x86_64/cmTryCompileExec3870191237_dependency_info.dat -o /Users/dillonl/Projects/gwiz/xcodebin/CMakeFiles/CMakeTmp/Debug/cmTryCompileExec3870191237

** BUILD SUCCEEDED **


TestEndianess.c:
/* A 16 bit integer is required. */
typedef unsigned short cmakeint16;

/* On a little endian machine, these 16bit ints will give "THIS IS LITTLE ENDIAN."
   On a big endian machine the characters will be exchanged pairwise. */
const cmakeint16 info_little[] =  {0x4854, 0x5349, 0x4920, 0x2053, 0x494c, 0x5454, 0x454c, 0x4520, 0x444e, 0x4149, 0x2e4e, 0x0000};

/* on a big endian machine, these 16bit ints will give "THIS IS BIG ENDIAN."
   On a little endian machine the characters will be exchanged pairwise. */
const cmakeint16 info_big[] =     {0x5448, 0x4953, 0x2049, 0x5320, 0x4249, 0x4720, 0x454e, 0x4449, 0x414e, 0x2e2e, 0x0000};

#ifdef __CLASSIC_C__
int main(argc, argv) int argc; char *argv[];
#else
int main(int argc, char *argv[])
#endif
{
  int require = 0;
  require += info_little[argc];
  require += info_big[argc];
  (void)argv;
  return require;
}


